[2026-05-02 20:41:22] DELETE enc1/test2.txt.enc
[2026-05-02 20:41:22] DELETE enc1/test1.txt.enc
[2026-05-02 20:41:23] DELETE enc1/test.txt.enc
[2026-05-02 21:10:46] ENCRYPT C:/Users/Lenovo/OneDrive/Documents/notepadpp/cprograms/secure-file-encryptor/test.txt
[2026-05-02 21:10:46] ENCRYPT C:/Users/Lenovo/OneDrive/Documents/notepadpp/cprograms/secure-file-encryptor/test.txt
[2026-05-02 21:10:46] ENCRYPT C:/Users/Lenovo/OneDrive/Documents/notepadpp/cprograms/secure-file-encryptor/test1.txt
[2026-05-02 21:10:46] ENCRYPT C:/Users/Lenovo/OneDrive/Documents/notepadpp/cprograms/secure-file-encryptor/test1.txt
[2026-05-02 21:10:46] ENCRYPT C:/Users/Lenovo/OneDrive/Documents/notepadpp/cprograms/secure-file-encryptor/test2.txt
[2026-05-02 21:10:46] ENCRYPT C:/Users/Lenovo/OneDrive/Documents/notepadpp/cprograms/secure-file-encryptor/test2.txt
[2026-05-03 15:59:47] CREATE_SECURE_FOLDER enc1
[2026-05-03 16:27:12] ENCRYPT C:\Users\Lenovo\OneDrive\Documents\notepadpp\cprograms\secure-file-encryptor\TESTING.txt_decrypted
[2026-05-03 16:27:12] ENCRYPT C:\Users\Lenovo\OneDrive\Documents\notepadpp\cprograms\secure-file-encryptor\TESTING.txt_decrypted
[2026-05-03 16:27:12] ENCRYPT_BATCH 1 files -> enc1
[2026-05-03 16:27:28] DELETE enc1/TESTING.txt_decrypted.enc
[2026-05-03 16:44:49] ENCRYPT C:\Users\Lenovo\OneDrive\Documents\notepadpp\cprograms\secure-file-encryptor\TESTING.txt_decrypted
[2026-05-03 16:44:49] ENCRYPT C:\Users\Lenovo\OneDrive\Documents\notepadpp\cprograms\secure-file-encryptor\TESTING.txt_decrypted
[2026-05-03 16:44:49] ENCRYPT_BATCH 1 files -> enc1
[2026-05-03 16:44:59] DELETE enc1/TESTING.txt_decrypted.enc
[2026-05-03 16:45:16] ENCRYPT C:\Users\Lenovo\OneDrive\Documents\notepadpp\cprograms\secure-file-encryptor\test.txt
[2026-05-03 16:45:16] ENCRYPT C:\Users\Lenovo\OneDrive\Documents\notepadpp\cprograms\secure-file-encryptor\test.txt
[2026-05-03 16:45:17] ENCRYPT C:\Users\Lenovo\OneDrive\Documents\notepadpp\cprograms\secure-file-encryptor\test1.txt
[2026-05-03 16:45:17] ENCRYPT C:\Users\Lenovo\OneDrive\Documents\notepadpp\cprograms\secure-file-encryptor\test1.txt
[2026-05-03 16:45:17] ENCRYPT C:\Users\Lenovo\OneDrive\Documents\notepadpp\cprograms\secure-file-encryptor\test2.txt
[2026-05-03 16:45:17] ENCRYPT C:\Users\Lenovo\OneDrive\Documents\notepadpp\cprograms\secure-file-encryptor\test2.txt
[2026-05-03 16:45:17] ENCRYPT C:\Users\Lenovo\OneDrive\Documents\notepadpp\cprograms\secure-file-encryptor\TESTING.txt_decrypted
[2026-05-03 16:45:17] ENCRYPT C:\Users\Lenovo\OneDrive\Documents\notepadpp\cprograms\secure-file-encryptor\TESTING.txt_decrypted
[2026-05-03 16:45:17] ENCRYPT_BATCH 4 files -> enc1
[2026-05-03 16:45:29] DELETE enc1/TESTING.txt_decrypted.enc
[2026-05-03 16:45:30] DELETE enc1/test2.txt.enc
[2026-05-03 16:45:30] DELETE enc1/test1.txt.enc
[2026-05-03 16:45:30] DELETE enc1/test.txt.enc
[2026-05-03 16:45:33] DELETE_FOLDER enc1
[2026-05-03 17:14:29] CREATE_SECURE_FOLDER enc1
[2026-05-03 17:14:41] ENCRYPT C:\Users\Lenovo\OneDrive\Documents\notepadpp\cprograms\secure-file-encryptor\test.txt
[2026-05-03 17:14:41] ENCRYPT C:\Users\Lenovo\OneDrive\Documents\notepadpp\cprograms\secure-file-encryptor\test.txt
[2026-05-03 17:14:41] ENCRYPT C:\Users\Lenovo\OneDrive\Documents\notepadpp\cprograms\secure-file-encryptor\test1.txt
[2026-05-03 17:14:41] ENCRYPT C:\Users\Lenovo\OneDrive\Documents\notepadpp\cprograms\secure-file-encryptor\test1.txt
[2026-05-03 17:14:41] ENCRYPT C:\Users\Lenovo\OneDrive\Documents\notepadpp\cprograms\secure-file-encryptor\test2.txt
[2026-05-03 17:14:41] ENCRYPT C:\Users\Lenovo\OneDrive\Documents\notepadpp\cprograms\secure-file-encryptor\test2.txt
[2026-05-03 17:14:41] ENCRYPT C:\Users\Lenovo\OneDrive\Documents\notepadpp\cprograms\secure-file-encryptor\TESTING.txt_decrypted
[2026-05-03 17:14:41] ENCRYPT C:\Users\Lenovo\OneDrive\Documents\notepadpp\cprograms\secure-file-encryptor\TESTING.txt_decrypted
[2026-05-03 17:14:41] ENCRYPT_BATCH 4 files -> enc1
[2026-05-03 19:17:19] CREATE_SECURE_FOLDER enc1
[2026-05-03 19:17:37] ENCRYPT C:\Users\Lenovo\OneDrive\Documents\notepadpp\cprograms\secure-file-encryptor\TESTING.txt_decrypted
[2026-05-03 19:17:37] ENCRYPT C:\Users\Lenovo\OneDrive\Documents\notepadpp\cprograms\secure-file-encryptor\TESTING.txt_decrypted
[2026-05-03 19:17:37] ENCRYPT_BATCH 1 files -> enc1
[2026-05-03 20:52:36] DECRYPT C:\Users\Lenovo\AppData\Local\SecureVault\vault\enc1\test2.txt.enc
[2026-05-03 20:52:36] DECRYPT C:\Users\Lenovo\AppData\Local\SecureVault\vault\enc1\test2.txt.enc
